янв. 29, 2023 2:01:41 PM Task03 Log
INFO: 2 2
янв. 29, 2023 2:01:43 PM Task03 Log
INFO: -
янв. 29, 2023 2:01:43 PM Task03 Log
INFO: 0
янв. 29, 2023 2:01:48 PM Task03 Log
INFO: stop
янв. 29, 2023 2:02:00 PM Task03 Log
INFO: 2 6
янв. 29, 2023 2:02:02 PM Task03 Log
INFO: -
янв. 29, 2023 2:02:02 PM Task03 Log
INFO: -4
янв. 29, 2023 2:02:06 PM Task03 Log
INFO: 4 6
янв. 29, 2023 2:02:10 PM Task03 Log
INFO: *
янв. 29, 2023 2:02:10 PM Task03 Log
INFO: 24
янв. 29, 2023 2:02:12 PM Task03 Log
INFO: stop
янв. 29, 2023 2:02:50 PM Task03 Log
INFO:  2 22  
янв. 29, 2023 2:02:51 PM Task03 Log
INFO: -
янв. 29, 2023 2:04:36 PM Task03 Log
INFO: 2 2
янв. 29, 2023 2:04:38 PM Task03 Log
INFO: -
янв. 29, 2023 2:04:38 PM Task03 Log
INFO: 0
янв. 29, 2023 2:04:45 PM Task03 Log
INFO: stop
янв. 29, 2023 4:07:37 PM Task03 Log
INFO: 10 55
янв. 29, 2023 4:07:38 PM Task03 Log
INFO: +
янв. 29, 2023 4:07:38 PM Task03 Log
INFO: 65
янв. 29, 2023 4:07:44 PM Task03 Log
INFO: 60 5
янв. 29, 2023 4:07:46 PM Task03 Log
INFO: -
янв. 29, 2023 4:07:46 PM Task03 Log
INFO: 55
янв. 29, 2023 4:07:53 PM Task03 Log
INFO: 88 9
янв. 29, 2023 4:07:55 PM Task03 Log
INFO: *
янв. 29, 2023 4:07:55 PM Task03 Log
INFO: 792
янв. 29, 2023 4:08:02 PM Task03 Log
INFO: stop
