февр. 05, 2023 10:00:09 AM Task14 Log
INFO: 1
февр. 05, 2023 10:00:11 AM Task14 Log
INFO: +
февр. 05, 2023 10:00:12 AM Task14 Log
INFO: 3
февр. 05, 2023 10:01:32 AM Task14 Log
INFO: 1
февр. 05, 2023 10:01:34 AM Task14 Log
INFO: +
февр. 05, 2023 10:01:35 AM Task14 Log
INFO: 1
февр. 05, 2023 10:01:49 AM Task14 Log
INFO: 1,5
февр. 05, 2023 10:01:51 AM Task14 Log
INFO: -1
февр. 05, 2023 10:01:55 AM Task14 Log
INFO: -
февр. 05, 2023 10:02:04 AM Task14 Log
INFO: 1,5
февр. 05, 2023 10:02:05 AM Task14 Log
INFO: -
февр. 05, 2023 10:02:05 AM Task14 Log
INFO: 1
февр. 05, 2023 10:02:47 AM Task14 Log
INFO: 1.5
февр. 05, 2023 10:02:48 AM Task14 Log
INFO: -
февр. 05, 2023 10:02:49 AM Task14 Log
INFO: 1
февр. 05, 2023 10:03:49 AM Task14 Log
INFO: 1.5
февр. 05, 2023 10:03:53 AM Task14 Log
INFO: back
февр. 05, 2023 10:03:55 AM Task14 Log
INFO: 3
февр. 05, 2023 10:03:58 AM Task14 Log
INFO: -
февр. 05, 2023 10:03:59 AM Task14 Log
INFO: 1
февр. 05, 2023 10:04:06 AM Task14 Log
INFO: 6.9
февр. 05, 2023 10:04:08 AM Task14 Log
INFO: +
февр. 05, 2023 10:04:11 AM Task14 Log
INFO: back
февр. 05, 2023 10:04:13 AM Task14 Log
INFO: -
февр. 05, 2023 10:04:15 AM Task14 Log
INFO: 5
февр. 05, 2023 10:04:37 AM Task14 Log
INFO: 7
февр. 05, 2023 10:04:39 AM Task14 Log
INFO: *
февр. 05, 2023 10:04:52 AM Task14 Log
INFO: 6
февр. 05, 2023 10:04:54 AM Task14 Log
INFO: back
февр. 05, 2023 10:11:04 AM Task14 Log
INFO: 4
февр. 05, 2023 10:11:05 AM Task14 Log
INFO: -
февр. 05, 2023 10:11:06 AM Task14 Log
INFO: 3
февр. 05, 2023 10:11:06 AM Task14 Log
INFO: 1.0
